2025-01-31 17:09:23,634 P74672 INFO Params: {
    "batch_norm": "True",
    "batch_size": "10000",
    "cl_temp": "0.5",
    "cl_weight": "0.005",
    "data_format": "h5",
    "data_root": "../../../data/",
    "dataset_id": "Frappe_x1_h5",
    "debug_mode": "False",
    "dnn_activations": "pbmish_avazu",
    "dnn_hidden_units": "[400, 400, 400]",
    "early_stop_patience": "2",
    "embedding_dim": "20",
    "embedding_regularizer": "0.1",
    "epochs": "100",
    "eval_steps": "None",
    "feature_cols": "[{'active': True, 'dtype': 'float', 'name': ['user', 'item', 'daytime', 'weekday', 'isweekend', 'homework', 'cost', 'weather', 'country', 'city'], 'type': 'categorical'}]",
    "feature_config": "None",
    "feature_specs": "None",
    "gate_temp": "0.1",
    "gpu": "0",
    "group_id": "None",
    "label_col": "{'dtype': 'float', 'name': 'label'}",
    "learning_rate": "0.001",
    "loss": "binary_crossentropy",
    "metrics": "['logloss', 'AUC']",
    "min_categr_count": "2",
    "model": "IBNet",
    "model_id": "IBNet_Frappe_1088_30c807a0",
    "model_root": "./checkpoints/",
    "monitor": "{'AUC': 1, 'logloss': -1}",
    "monitor_mode": "max",
    "net_dropout": "0.3",
    "net_regularizer": "0",
    "num_cross_layers": "3",
    "num_workers": "3",
    "optimizer": "adam",
    "pickle_feature_encoder": "True",
    "save_best_only": "True",
    "seed": "2023",
    "shuffle": "True",
    "ssl_mode": "True",
    "task": "binary_classification",
    "test_data": "../../../data/Frappe_x1_h5/test.h5",
    "train_data": "../../../data/Frappe_x1_h5/train.h5",
    "use_features": "None",
    "valid_data": "../../../data/Frappe_x1_h5/valid.h5",
    "verbose": "1"
}
2025-01-31 17:09:23,635 P74672 INFO Load feature_map from json: ../../../data/Frappe_x1_h5/feature_map.json
2025-01-31 17:09:23,635 P74672 INFO Set column index...
2025-01-31 17:09:23,635 P74672 INFO Feature specs: {
    "city": "{'source': '', 'type': 'categorical', 'padding_idx': 0, 'oov_idx': 232, 'vocab_size': 233}",
    "cost": "{'source': '', 'type': 'categorical', 'padding_idx': 0, 'oov_idx': 3, 'vocab_size': 4}",
    "country": "{'source': '', 'type': 'categorical', 'padding_idx': 0, 'oov_idx': 81, 'vocab_size': 82}",
    "daytime": "{'source': '', 'type': 'categorical', 'padding_idx': 0, 'oov_idx': 8, 'vocab_size': 9}",
    "homework": "{'source': '', 'type': 'categorical', 'padding_idx': 0, 'oov_idx': 4, 'vocab_size': 5}",
    "isweekend": "{'source': '', 'type': 'categorical', 'padding_idx': 0, 'oov_idx': 3, 'vocab_size': 4}",
    "item": "{'source': '', 'type': 'categorical', 'padding_idx': 0, 'oov_idx': 4083, 'vocab_size': 4084}",
    "user": "{'source': '', 'type': 'categorical', 'padding_idx': 0, 'oov_idx': 941, 'vocab_size': 942}",
    "weather": "{'source': '', 'type': 'categorical', 'padding_idx': 0, 'oov_idx': 10, 'vocab_size': 11}",
    "weekday": "{'source': '', 'type': 'categorical', 'padding_idx': 0, 'oov_idx': 8, 'vocab_size': 9}"
}
2025-01-31 17:09:27,897 P74672 INFO Total number of parameters: 635861.
2025-01-31 17:09:27,897 P74672 INFO Loading data...
2025-01-31 17:09:27,897 P74672 INFO Loading data from h5: ../../../data/Frappe_x1_h5/train.h5
2025-01-31 17:09:27,920 P74672 INFO Train samples: total/202027, blocks/1
2025-01-31 17:09:27,921 P74672 INFO Loading data from h5: ../../../data/Frappe_x1_h5/valid.h5
2025-01-31 17:09:27,929 P74672 INFO Validation samples: total/57722, blocks/1
2025-01-31 17:09:27,929 P74672 INFO Loading train and validation data done.
2025-01-31 17:09:27,929 P74672 INFO Start training: 21 batches/epoch
2025-01-31 17:09:27,929 P74672 INFO ************ Epoch=1 start ************
2025-01-31 17:09:29,551 P74672 INFO Train loss: 0.473865
2025-01-31 17:09:29,551 P74672 INFO Evaluation @epoch 1 - batch 21: 
2025-01-31 17:09:30,695 P74672 INFO ===
2025-01-31 17:09:30,695 P74672 INFO [Metrics] AUC: 0.923890 - logloss: 0.618074
2025-01-31 17:09:30,696 P74672 INFO Save best model: monitor(max)=0.305817
2025-01-31 17:09:30,830 P74672 INFO ************ Epoch=1 end ************
2025-01-31 17:09:32,399 P74672 INFO Train loss: 0.370308
2025-01-31 17:09:32,400 P74672 INFO Evaluation @epoch 2 - batch 21: 
2025-01-31 17:09:33,489 P74672 INFO ===
2025-01-31 17:09:33,489 P74672 INFO [Metrics] AUC: 0.937076 - logloss: 0.582538
2025-01-31 17:09:33,490 P74672 INFO Save best model: monitor(max)=0.354539
2025-01-31 17:09:33,622 P74672 INFO ************ Epoch=2 end ************
2025-01-31 17:09:35,164 P74672 INFO Train loss: 0.320201
2025-01-31 17:09:35,164 P74672 INFO Evaluation @epoch 3 - batch 21: 
2025-01-31 17:09:36,171 P74672 INFO ===
2025-01-31 17:09:36,171 P74672 INFO [Metrics] AUC: 0.937219 - logloss: 0.523491
2025-01-31 17:09:36,171 P74672 INFO Save best model: monitor(max)=0.413728
2025-01-31 17:09:36,307 P74672 INFO ************ Epoch=3 end ************
2025-01-31 17:09:37,963 P74672 INFO Train loss: 0.279452
2025-01-31 17:09:37,963 P74672 INFO Evaluation @epoch 4 - batch 21: 
2025-01-31 17:09:39,088 P74672 INFO ===
2025-01-31 17:09:39,089 P74672 INFO [Metrics] AUC: 0.956208 - logloss: 0.361996
2025-01-31 17:09:39,089 P74672 INFO Save best model: monitor(max)=0.594211
2025-01-31 17:09:39,244 P74672 INFO ************ Epoch=4 end ************
2025-01-31 17:09:40,860 P74672 INFO Train loss: 0.258673
2025-01-31 17:09:40,861 P74672 INFO Evaluation @epoch 5 - batch 21: 
2025-01-31 17:09:41,894 P74672 INFO ===
2025-01-31 17:09:41,895 P74672 INFO [Metrics] AUC: 0.973852 - logloss: 0.212857
2025-01-31 17:09:41,895 P74672 INFO Save best model: monitor(max)=0.760994
2025-01-31 17:09:42,024 P74672 INFO ************ Epoch=5 end ************
2025-01-31 17:09:43,727 P74672 INFO Train loss: 0.249061
2025-01-31 17:09:43,728 P74672 INFO Evaluation @epoch 6 - batch 21: 
2025-01-31 17:09:44,780 P74672 INFO ===
2025-01-31 17:09:44,780 P74672 INFO [Metrics] AUC: 0.977690 - logloss: 0.180212
2025-01-31 17:09:44,780 P74672 INFO Save best model: monitor(max)=0.797478
2025-01-31 17:09:44,911 P74672 INFO ************ Epoch=6 end ************
2025-01-31 17:09:46,467 P74672 INFO Train loss: 0.237642
2025-01-31 17:09:46,467 P74672 INFO Evaluation @epoch 7 - batch 21: 
2025-01-31 17:09:47,383 P74672 INFO ===
2025-01-31 17:09:47,383 P74672 INFO [Metrics] AUC: 0.979324 - logloss: 0.171537
2025-01-31 17:09:47,383 P74672 INFO Save best model: monitor(max)=0.807787
2025-01-31 17:09:47,507 P74672 INFO ************ Epoch=7 end ************
2025-01-31 17:09:48,965 P74672 INFO Train loss: 0.232588
2025-01-31 17:09:48,966 P74672 INFO Evaluation @epoch 8 - batch 21: 
2025-01-31 17:09:49,914 P74672 INFO ===
2025-01-31 17:09:49,914 P74672 INFO [Metrics] AUC: 0.979901 - logloss: 0.162757
2025-01-31 17:09:49,915 P74672 INFO Save best model: monitor(max)=0.817144
2025-01-31 17:09:50,040 P74672 INFO ************ Epoch=8 end ************
2025-01-31 17:09:51,646 P74672 INFO Train loss: 0.230616
2025-01-31 17:09:51,646 P74672 INFO Evaluation @epoch 9 - batch 21: 
2025-01-31 17:09:52,587 P74672 INFO ===
2025-01-31 17:09:52,587 P74672 INFO [Metrics] AUC: 0.981147 - logloss: 0.159732
2025-01-31 17:09:52,587 P74672 INFO Save best model: monitor(max)=0.821415
2025-01-31 17:09:52,748 P74672 INFO ************ Epoch=9 end ************
2025-01-31 17:09:54,621 P74672 INFO Train loss: 0.221560
2025-01-31 17:09:54,621 P74672 INFO Evaluation @epoch 10 - batch 21: 
2025-01-31 17:09:55,582 P74672 INFO ===
2025-01-31 17:09:55,582 P74672 INFO [Metrics] AUC: 0.981363 - logloss: 0.158694
2025-01-31 17:09:55,582 P74672 INFO Save best model: monitor(max)=0.822669
2025-01-31 17:09:55,720 P74672 INFO ************ Epoch=10 end ************
2025-01-31 17:09:57,315 P74672 INFO Train loss: 0.221436
2025-01-31 17:09:57,315 P74672 INFO Evaluation @epoch 11 - batch 21: 
2025-01-31 17:09:58,295 P74672 INFO ===
2025-01-31 17:09:58,295 P74672 INFO [Metrics] AUC: 0.982152 - logloss: 0.150645
2025-01-31 17:09:58,295 P74672 INFO Save best model: monitor(max)=0.831506
2025-01-31 17:09:58,461 P74672 INFO ************ Epoch=11 end ************
2025-01-31 17:10:00,148 P74672 INFO Train loss: 0.216145
2025-01-31 17:10:00,148 P74672 INFO Evaluation @epoch 12 - batch 21: 
2025-01-31 17:10:01,192 P74672 INFO ===
2025-01-31 17:10:01,192 P74672 INFO [Metrics] AUC: 0.982757 - logloss: 0.150430
2025-01-31 17:10:01,192 P74672 INFO Save best model: monitor(max)=0.832326
2025-01-31 17:10:01,322 P74672 INFO ************ Epoch=12 end ************
2025-01-31 17:10:03,265 P74672 INFO Train loss: 0.212950
2025-01-31 17:10:03,266 P74672 INFO Evaluation @epoch 13 - batch 21: 
2025-01-31 17:10:04,292 P74672 INFO ===
2025-01-31 17:10:04,292 P74672 INFO [Metrics] AUC: 0.982099 - logloss: 0.152576
2025-01-31 17:10:04,293 P74672 INFO Monitor(max)=0.829524 STOP!
2025-01-31 17:10:04,293 P74672 INFO Reduce learning rate on plateau: 0.000100
2025-01-31 17:10:04,423 P74672 INFO ************ Epoch=13 end ************
2025-01-31 17:10:06,044 P74672 INFO Train loss: 0.181489
2025-01-31 17:10:06,044 P74672 INFO Evaluation @epoch 14 - batch 21: 
2025-01-31 17:10:06,985 P74672 INFO ===
2025-01-31 17:10:06,985 P74672 INFO [Metrics] AUC: 0.984340 - logloss: 0.145349
2025-01-31 17:10:06,986 P74672 INFO Save best model: monitor(max)=0.838991
2025-01-31 17:10:07,114 P74672 INFO ************ Epoch=14 end ************
2025-01-31 17:10:08,751 P74672 INFO Train loss: 0.156864
2025-01-31 17:10:08,751 P74672 INFO Evaluation @epoch 15 - batch 21: 
2025-01-31 17:10:09,802 P74672 INFO ===
2025-01-31 17:10:09,802 P74672 INFO [Metrics] AUC: 0.985374 - logloss: 0.139526
2025-01-31 17:10:09,802 P74672 INFO Save best model: monitor(max)=0.845848
2025-01-31 17:10:09,939 P74672 INFO ************ Epoch=15 end ************
2025-01-31 17:10:11,671 P74672 INFO Train loss: 0.139306
2025-01-31 17:10:11,672 P74672 INFO Evaluation @epoch 16 - batch 21: 
2025-01-31 17:10:12,813 P74672 INFO ===
2025-01-31 17:10:12,813 P74672 INFO [Metrics] AUC: 0.985840 - logloss: 0.138612
2025-01-31 17:10:12,813 P74672 INFO Save best model: monitor(max)=0.847228
2025-01-31 17:10:12,973 P74672 INFO ************ Epoch=16 end ************
2025-01-31 17:10:14,636 P74672 INFO Train loss: 0.126196
2025-01-31 17:10:14,636 P74672 INFO Evaluation @epoch 17 - batch 21: 
2025-01-31 17:10:15,594 P74672 INFO ===
2025-01-31 17:10:15,595 P74672 INFO [Metrics] AUC: 0.986017 - logloss: 0.140762
2025-01-31 17:10:15,595 P74672 INFO Monitor(max)=0.845255 STOP!
2025-01-31 17:10:15,595 P74672 INFO Reduce learning rate on plateau: 0.000010
2025-01-31 17:10:15,724 P74672 INFO ************ Epoch=17 end ************
2025-01-31 17:10:17,447 P74672 INFO Train loss: 0.118502
2025-01-31 17:10:17,448 P74672 INFO Evaluation @epoch 18 - batch 21: 
2025-01-31 17:10:18,469 P74672 INFO ===
2025-01-31 17:10:18,470 P74672 INFO [Metrics] AUC: 0.986075 - logloss: 0.141179
2025-01-31 17:10:18,470 P74672 INFO Monitor(max)=0.844896 STOP!
2025-01-31 17:10:18,470 P74672 INFO Reduce learning rate on plateau: 0.000001
2025-01-31 17:10:18,470 P74672 INFO ********* Epoch==18 early stop *********
2025-01-31 17:10:18,613 P74672 INFO Training finished.
2025-01-31 17:10:18,613 P74672 INFO Load best model: /root/FuxiCTR/model_zoo/IBNet/IBNet_torch/checkpoints/Frappe_x1_h5/IBNet_Frappe_1088_30c807a0.model
2025-01-31 17:10:18,632 P74672 INFO ****** Validation evaluation ******
2025-01-31 17:10:19,569 P74672 INFO ===
2025-01-31 17:10:19,569 P74672 INFO [Metrics] logloss: 0.138827 - AUC: 0.985841
2025-01-31 17:10:19,609 P74672 INFO ******** Test evaluation ********
2025-01-31 17:10:19,609 P74672 INFO Loading data...
2025-01-31 17:10:19,609 P74672 INFO Loading data from h5: ../../../data/Frappe_x1_h5/test.h5
2025-01-31 17:10:19,613 P74672 INFO Test samples: total/28860, blocks/1
2025-01-31 17:10:19,613 P74672 INFO Loading test data done.
2025-01-31 17:10:20,694 P74672 INFO ===
2025-01-31 17:10:20,694 P74672 INFO [Metrics] logloss: 0.139537 - AUC: 0.985530
