2023-12-01 05:16:22,947 P462839 INFO Params: {
    "batch_norm": "True",
    "batch_size": "10000",
    "cl_temp": "0.5",
    "cl_weight": "0.01",
    "data_format": "h5",
    "data_root": "../../../data/",
    "dataset_id": "Criteo_x4_h5",
    "debug_mode": "False",
    "dnn_activations": "pbmish_criteo",
    "dnn_hidden_units": "[1024, 1024, 1024, 1024, 1024]",
    "early_stop_patience": "2",
    "embedding_dim": "20",
    "embedding_regularizer": "1e-05",
    "epochs": "100",
    "eval_steps": "None",
    "feature_cols": "[{'active': True, 'dtype': 'float', 'fill_na': 0, 'name': ['I1', 'I2', 'I3', 'I4', 'I5', 'I6', 'I7', 'I8', 'I9', 'I10', 'I11', 'I12', 'I13'], 'preprocess': 'convert_to_bucket', 'type': 'categorical'}, {'active': True, 'dtype': 'str', 'fill_na': '', 'name': ['C1', 'C2', 'C3', 'C4', 'C5', 'C6', 'C7', 'C8', 'C9', 'C10', 'C11', 'C12', 'C13', 'C14', 'C15', 'C16', 'C17', 'C18', 'C19', 'C20', 'C21', 'C22', 'C23', 'C24', 'C25', 'C26'], 'type': 'categorical'}]",
    "feature_config": "None",
    "feature_specs": "None",
    "gate_temp": "0.3",
    "gpu": "1",
    "group_id": "None",
    "label_col": "{'dtype': 'float', 'name': 'Label'}",
    "learning_rate": "0.001",
    "loss": "binary_crossentropy",
    "metrics": "['logloss', 'AUC']",
    "min_categr_count": "2",
    "model": "IBNet",
    "model_id": "IBNet_Criteo_030_b59b5f06",
    "model_root": "./checkpoints/",
    "monitor": "{'AUC': 1, 'logloss': -1}",
    "monitor_mode": "max",
    "net_dropout": "0.2",
    "net_regularizer": "0",
    "num_cross_layers": "6",
    "num_workers": "3",
    "optimizer": "adam",
    "pickle_feature_encoder": "True",
    "save_best_only": "True",
    "seed": "2023",
    "shuffle": "True",
    "ssl_mode": "True",
    "task": "binary_classification",
    "test_data": "../../../data/Criteo_x4_h5/test.h5",
    "train_data": "../../../data/Criteo_x4_h5/train.h5",
    "use_features": "None",
    "valid_data": "../../../data/Criteo_x4_h5/valid.h5",
    "verbose": "1"
}
2023-12-01 05:16:22,948 P462839 INFO Load feature_map from json: ../../../data/Criteo_x4_h5/feature_map.json
2023-12-01 05:16:22,948 P462839 INFO Set column index...
2023-12-01 05:16:22,948 P462839 INFO Feature specs: {
    "C1": "{'source': '', 'type': 'categorical', 'padding_idx': 0, 'oov_idx': 1461, 'vocab_size': 1462}",
    "C10": "{'source': '', 'type': 'categorical', 'padding_idx': 0, 'oov_idx': 70514, 'vocab_size': 70515}",
    "C11": "{'source': '', 'type': 'categorical', 'padding_idx': 0, 'oov_idx': 5517, 'vocab_size': 5518}",
    "C12": "{'source': '', 'type': 'categorical', 'padding_idx': 0, 'oov_idx': 1224132, 'vocab_size': 1224133}",
    "C13": "{'source': '', 'type': 'categorical', 'padding_idx': 0, 'oov_idx': 3193, 'vocab_size': 3194}",
    "C14": "{'source': '', 'type': 'categorical', 'padding_idx': 0, 'oov_idx': 28, 'vocab_size': 29}",
    "C15": "{'source': '', 'type': 'categorical', 'padding_idx': 0, 'oov_idx': 13600, 'vocab_size': 13601}",
    "C16": "{'source': '', 'type': 'categorical', 'padding_idx': 0, 'oov_idx': 1004793, 'vocab_size': 1004794}",
    "C17": "{'source': '', 'type': 'categorical', 'padding_idx': 0, 'oov_idx': 11, 'vocab_size': 12}",
    "C18": "{'source': '', 'type': 'categorical', 'padding_idx': 0, 'oov_idx': 5230, 'vocab_size': 5231}",
    "C19": "{'source': '', 'type': 'categorical', 'padding_idx': 0, 'oov_idx': 2144, 'vocab_size': 2145}",
    "C2": "{'source': '', 'type': 'categorical', 'padding_idx': 0, 'oov_idx': 563, 'vocab_size': 564}",
    "C20": "{'source': '', 'type': 'categorical', 'padding_idx': 0, 'oov_idx': 4, 'vocab_size': 5}",
    "C21": "{'source': '', 'type': 'categorical', 'padding_idx': 0, 'oov_idx': 1162912, 'vocab_size': 1162913}",
    "C22": "{'source': '', 'type': 'categorical', 'padding_idx': 0, 'oov_idx': 18, 'vocab_size': 19}",
    "C23": "{'source': '', 'type': 'categorical', 'padding_idx': 0, 'oov_idx': 16, 'vocab_size': 17}",
    "C24": "{'source': '', 'type': 'categorical', 'padding_idx': 0, 'oov_idx': 141672, 'vocab_size': 141673}",
    "C25": "{'source': '', 'type': 'categorical', 'padding_idx': 0, 'oov_idx': 101, 'vocab_size': 102}",
    "C26": "{'source': '', 'type': 'categorical', 'padding_idx': 0, 'oov_idx': 92085, 'vocab_size': 92086}",
    "C3": "{'source': '', 'type': 'categorical', 'padding_idx': 0, 'oov_idx': 1244768, 'vocab_size': 1244769}",
    "C4": "{'source': '', 'type': 'categorical', 'padding_idx': 0, 'oov_idx': 562022, 'vocab_size': 562023}",
    "C5": "{'source': '', 'type': 'categorical', 'padding_idx': 0, 'oov_idx': 306, 'vocab_size': 307}",
    "C6": "{'source': '', 'type': 'categorical', 'padding_idx': 0, 'oov_idx': 22, 'vocab_size': 23}",
    "C7": "{'source': '', 'type': 'categorical', 'padding_idx': 0, 'oov_idx': 12368, 'vocab_size': 12369}",
    "C8": "{'source': '', 'type': 'categorical', 'padding_idx': 0, 'oov_idx': 634, 'vocab_size': 635}",
    "C9": "{'source': '', 'type': 'categorical', 'padding_idx': 0, 'oov_idx': 4, 'vocab_size': 5}",
    "I1": "{'source': '', 'type': 'categorical', 'padding_idx': 0, 'oov_idx': 53, 'vocab_size': 54}",
    "I10": "{'source': '', 'type': 'categorical', 'padding_idx': 0, 'oov_idx': 6, 'vocab_size': 7}",
    "I11": "{'source': '', 'type': 'categorical', 'padding_idx': 0, 'oov_idx': 26, 'vocab_size': 27}",
    "I12": "{'source': '', 'type': 'categorical', 'padding_idx': 0, 'oov_idx': 47, 'vocab_size': 48}",
    "I13": "{'source': '', 'type': 'categorical', 'padding_idx': 0, 'oov_idx': 76, 'vocab_size': 77}",
    "I2": "{'source': '', 'type': 'categorical', 'padding_idx': 0, 'oov_idx': 104, 'vocab_size': 105}",
    "I3": "{'source': '', 'type': 'categorical', 'padding_idx': 0, 'oov_idx': 123, 'vocab_size': 124}",
    "I4": "{'source': '', 'type': 'categorical', 'padding_idx': 0, 'oov_idx': 45, 'vocab_size': 46}",
    "I5": "{'source': '', 'type': 'categorical', 'padding_idx': 0, 'oov_idx': 220, 'vocab_size': 221}",
    "I6": "{'source': '', 'type': 'categorical', 'padding_idx': 0, 'oov_idx': 133, 'vocab_size': 134}",
    "I7": "{'source': '', 'type': 'categorical', 'padding_idx': 0, 'oov_idx': 90, 'vocab_size': 91}",
    "I8": "{'source': '', 'type': 'categorical', 'padding_idx': 0, 'oov_idx': 76, 'vocab_size': 77}",
    "I9": "{'source': '', 'type': 'categorical', 'padding_idx': 0, 'oov_idx': 96, 'vocab_size': 97}"
}
2023-12-01 05:16:26,538 P462839 INFO Total number of parameters: 117841589.
2023-12-01 05:16:26,538 P462839 INFO Loading data...
2023-12-01 05:16:26,538 P462839 INFO Loading data from h5: ../../../data/Criteo_x4_h5/train.h5
2023-12-01 05:17:09,687 P462839 INFO Train samples: total/36672493, blocks/1
2023-12-01 05:17:09,688 P462839 INFO Loading data from h5: ../../../data/Criteo_x4_h5/valid.h5
2023-12-01 05:17:13,312 P462839 INFO Validation samples: total/4584062, blocks/1
2023-12-01 05:17:13,312 P462839 INFO Loading train and validation data done.
2023-12-01 05:17:13,312 P462839 INFO Start training: 3668 batches/epoch
2023-12-01 05:17:13,312 P462839 INFO ************ Epoch=1 start ************
2023-12-01 05:27:43,760 P462839 INFO Train loss: 0.520097
2023-12-01 05:27:43,760 P462839 INFO Evaluation @epoch 1 - batch 3668: 
2023-12-01 05:27:59,921 P462839 INFO ===
2023-12-01 05:27:59,921 P462839 INFO [Metrics] AUC: 0.804268 - logloss: 0.447108
2023-12-01 05:27:59,922 P462839 INFO Save best model: monitor(max)=0.357160
2023-12-01 05:28:00,785 P462839 INFO ************ Epoch=1 end ************
2023-12-01 05:38:35,376 P462839 INFO Train loss: 0.511563
2023-12-01 05:38:35,377 P462839 INFO Evaluation @epoch 2 - batch 3668: 
2023-12-01 05:38:52,001 P462839 INFO ===
2023-12-01 05:38:52,001 P462839 INFO [Metrics] AUC: 0.806696 - logloss: 0.444732
2023-12-01 05:38:52,004 P462839 INFO Save best model: monitor(max)=0.361964
2023-12-01 05:38:54,748 P462839 INFO ************ Epoch=2 end ************
2023-12-01 05:49:25,757 P462839 INFO Train loss: 0.509392
2023-12-01 05:49:25,757 P462839 INFO Evaluation @epoch 3 - batch 3668: 
2023-12-01 05:49:42,632 P462839 INFO ===
2023-12-01 05:49:42,632 P462839 INFO [Metrics] AUC: 0.808510 - logloss: 0.443926
2023-12-01 05:49:42,636 P462839 INFO Save best model: monitor(max)=0.364584
2023-12-01 05:49:45,340 P462839 INFO ************ Epoch=3 end ************
2023-12-01 06:00:20,002 P462839 INFO Train loss: 0.508060
2023-12-01 06:00:20,002 P462839 INFO Evaluation @epoch 4 - batch 3668: 
2023-12-01 06:00:36,839 P462839 INFO ===
2023-12-01 06:00:36,839 P462839 INFO [Metrics] AUC: 0.809315 - logloss: 0.442550
2023-12-01 06:00:36,842 P462839 INFO Save best model: monitor(max)=0.366765
2023-12-01 06:00:39,546 P462839 INFO ************ Epoch=4 end ************
2023-12-01 06:11:12,846 P462839 INFO Train loss: 0.507227
2023-12-01 06:11:12,846 P462839 INFO Evaluation @epoch 5 - batch 3668: 
2023-12-01 06:11:30,121 P462839 INFO ===
2023-12-01 06:11:30,121 P462839 INFO [Metrics] AUC: 0.809830 - logloss: 0.441778
2023-12-01 06:11:30,131 P462839 INFO Save best model: monitor(max)=0.368052
2023-12-01 06:11:32,814 P462839 INFO ************ Epoch=5 end ************
2023-12-01 06:22:07,011 P462839 INFO Train loss: 0.506678
2023-12-01 06:22:07,012 P462839 INFO Evaluation @epoch 6 - batch 3668: 
2023-12-01 06:22:25,130 P462839 INFO ===
2023-12-01 06:22:25,130 P462839 INFO [Metrics] AUC: 0.810381 - logloss: 0.441328
2023-12-01 06:22:25,134 P462839 INFO Save best model: monitor(max)=0.369053
2023-12-01 06:22:27,866 P462839 INFO ************ Epoch=6 end ************
2023-12-01 06:33:05,499 P462839 INFO Train loss: 0.506288
2023-12-01 06:33:05,500 P462839 INFO Evaluation @epoch 7 - batch 3668: 
2023-12-01 06:33:24,804 P462839 INFO ===
2023-12-01 06:33:24,804 P462839 INFO [Metrics] AUC: 0.810530 - logloss: 0.441223
2023-12-01 06:33:24,809 P462839 INFO Save best model: monitor(max)=0.369307
2023-12-01 06:33:27,778 P462839 INFO ************ Epoch=7 end ************
2023-12-01 06:44:01,183 P462839 INFO Train loss: 0.506017
2023-12-01 06:44:01,184 P462839 INFO Evaluation @epoch 8 - batch 3668: 
2023-12-01 06:44:19,477 P462839 INFO ===
2023-12-01 06:44:19,477 P462839 INFO [Metrics] AUC: 0.810797 - logloss: 0.441145
2023-12-01 06:44:19,481 P462839 INFO Save best model: monitor(max)=0.369653
2023-12-01 06:44:22,173 P462839 INFO ************ Epoch=8 end ************
2023-12-01 06:54:51,817 P462839 INFO Train loss: 0.505825
2023-12-01 06:54:51,817 P462839 INFO Evaluation @epoch 9 - batch 3668: 
2023-12-01 06:55:09,556 P462839 INFO ===
2023-12-01 06:55:09,556 P462839 INFO [Metrics] AUC: 0.811163 - logloss: 0.440502
2023-12-01 06:55:09,559 P462839 INFO Save best model: monitor(max)=0.370661
2023-12-01 06:55:12,274 P462839 INFO ************ Epoch=9 end ************
2023-12-01 07:05:39,630 P462839 INFO Train loss: 0.505731
2023-12-01 07:05:39,631 P462839 INFO Evaluation @epoch 10 - batch 3668: 
2023-12-01 07:05:56,409 P462839 INFO ===
2023-12-01 07:05:56,409 P462839 INFO [Metrics] AUC: 0.811214 - logloss: 0.440719
2023-12-01 07:05:56,413 P462839 INFO Monitor(max)=0.370496 STOP!
2023-12-01 07:05:56,413 P462839 INFO Reduce learning rate on plateau: 0.000100
2023-12-01 07:05:56,492 P462839 INFO ************ Epoch=10 end ************
2023-12-01 07:16:21,973 P462839 INFO Train loss: 0.490668
2023-12-01 07:16:21,973 P462839 INFO Evaluation @epoch 11 - batch 3668: 
2023-12-01 07:16:38,657 P462839 INFO ===
2023-12-01 07:16:38,657 P462839 INFO [Metrics] AUC: 0.813702 - logloss: 0.438309
2023-12-01 07:16:38,660 P462839 INFO Save best model: monitor(max)=0.375393
2023-12-01 07:16:41,366 P462839 INFO ************ Epoch=11 end ************
2023-12-01 07:27:05,736 P462839 INFO Train loss: 0.484761
2023-12-01 07:27:05,737 P462839 INFO Evaluation @epoch 12 - batch 3668: 
2023-12-01 07:27:22,009 P462839 INFO ===
2023-12-01 07:27:22,009 P462839 INFO [Metrics] AUC: 0.813449 - logloss: 0.438729
2023-12-01 07:27:22,013 P462839 INFO Monitor(max)=0.374720 STOP!
2023-12-01 07:27:22,013 P462839 INFO Reduce learning rate on plateau: 0.000010
2023-12-01 07:27:22,083 P462839 INFO ************ Epoch=12 end ************
2023-12-01 07:37:47,384 P462839 INFO Train loss: 0.477633
2023-12-01 07:37:47,384 P462839 INFO Evaluation @epoch 13 - batch 3668: 
2023-12-01 07:38:04,054 P462839 INFO ===
2023-12-01 07:38:04,054 P462839 INFO [Metrics] AUC: 0.811838 - logloss: 0.441098
2023-12-01 07:38:04,057 P462839 INFO Monitor(max)=0.370741 STOP!
2023-12-01 07:38:04,057 P462839 INFO Reduce learning rate on plateau: 0.000001
2023-12-01 07:38:04,057 P462839 INFO ********* Epoch==13 early stop *********
2023-12-01 07:38:04,125 P462839 INFO Training finished.
2023-12-01 07:38:04,126 P462839 INFO Load best model: /mnt/public/lhw/code/FuxiCTR/model_zoo/DCN/DCN_torch/checkpoints/Criteo_x4_h5/IBNet_Criteo_030_b59b5f06.model
2023-12-01 07:38:04,434 P462839 INFO ****** Validation evaluation ******
2023-12-01 07:38:20,917 P462839 INFO ===
2023-12-01 07:38:20,917 P462839 INFO [Metrics] logloss: 0.438309 - AUC: 0.813701
2023-12-01 07:38:20,990 P462839 INFO ******** Test evaluation ********
2023-12-01 07:38:20,990 P462839 INFO Loading data...
2023-12-01 07:38:20,990 P462839 INFO Loading data from h5: ../../../data/Criteo_x4_h5/test.h5
2023-12-01 07:38:24,579 P462839 INFO Test samples: total/4584062, blocks/1
2023-12-01 07:38:24,579 P462839 INFO Loading test data done.
2023-12-01 07:38:41,259 P462839 INFO ===
2023-12-01 07:38:41,259 P462839 INFO [Metrics] logloss: 0.437950 - AUC: 0.814105
