2023-11-30 22:40:32,869 P336777 INFO Params: {
    "batch_norm": "True",
    "batch_size": "10000",
    "cl_temp": "0.5",
    "cl_weight": "0.01",
    "data_format": "h5",
    "data_root": "../../../data/",
    "dataset_id": "Criteo_x4_h5",
    "debug_mode": "False",
    "dnn_activations": "pbmish_criteo",
    "dnn_hidden_units": "[1024, 1024, 1024, 1024]",
    "early_stop_patience": "2",
    "embedding_dim": "20",
    "embedding_regularizer": "1e-05",
    "epochs": "100",
    "eval_steps": "None",
    "feature_cols": "[{'active': True, 'dtype': 'float', 'fill_na': 0, 'name': ['I1', 'I2', 'I3', 'I4', 'I5', 'I6', 'I7', 'I8', 'I9', 'I10', 'I11', 'I12', 'I13'], 'preprocess': 'convert_to_bucket', 'type': 'categorical'}, {'active': True, 'dtype': 'str', 'fill_na': '', 'name': ['C1', 'C2', 'C3', 'C4', 'C5', 'C6', 'C7', 'C8', 'C9', 'C10', 'C11', 'C12', 'C13', 'C14', 'C15', 'C16', 'C17', 'C18', 'C19', 'C20', 'C21', 'C22', 'C23', 'C24', 'C25', 'C26'], 'type': 'categorical'}]",
    "feature_config": "None",
    "feature_specs": "None",
    "gate_temp": "0.3",
    "gpu": "0",
    "group_id": "None",
    "label_col": "{'dtype': 'float', 'name': 'Label'}",
    "learning_rate": "0.001",
    "loss": "binary_crossentropy",
    "metrics": "['logloss', 'AUC']",
    "min_categr_count": "2",
    "model": "IBNet",
    "model_id": "IBNet_Criteo_020_e5a26881",
    "model_root": "./checkpoints/",
    "monitor": "{'AUC': 1, 'logloss': -1}",
    "monitor_mode": "max",
    "net_dropout": "0.2",
    "net_regularizer": "0",
    "num_cross_layers": "2",
    "num_workers": "3",
    "optimizer": "adam",
    "pickle_feature_encoder": "True",
    "save_best_only": "True",
    "seed": "2023",
    "shuffle": "True",
    "ssl_mode": "True",
    "task": "binary_classification",
    "test_data": "../../../data/Criteo_x4_h5/test.h5",
    "train_data": "../../../data/Criteo_x4_h5/train.h5",
    "use_features": "None",
    "valid_data": "../../../data/Criteo_x4_h5/valid.h5",
    "verbose": "1"
}
2023-11-30 22:40:32,870 P336777 INFO Load feature_map from json: ../../../data/Criteo_x4_h5/feature_map.json
2023-11-30 22:40:32,870 P336777 INFO Set column index...
2023-11-30 22:40:32,870 P336777 INFO Feature specs: {
    "C1": "{'source': '', 'type': 'categorical', 'padding_idx': 0, 'oov_idx': 1461, 'vocab_size': 1462}",
    "C10": "{'source': '', 'type': 'categorical', 'padding_idx': 0, 'oov_idx': 70514, 'vocab_size': 70515}",
    "C11": "{'source': '', 'type': 'categorical', 'padding_idx': 0, 'oov_idx': 5517, 'vocab_size': 5518}",
    "C12": "{'source': '', 'type': 'categorical', 'padding_idx': 0, 'oov_idx': 1224132, 'vocab_size': 1224133}",
    "C13": "{'source': '', 'type': 'categorical', 'padding_idx': 0, 'oov_idx': 3193, 'vocab_size': 3194}",
    "C14": "{'source': '', 'type': 'categorical', 'padding_idx': 0, 'oov_idx': 28, 'vocab_size': 29}",
    "C15": "{'source': '', 'type': 'categorical', 'padding_idx': 0, 'oov_idx': 13600, 'vocab_size': 13601}",
    "C16": "{'source': '', 'type': 'categorical', 'padding_idx': 0, 'oov_idx': 1004793, 'vocab_size': 1004794}",
    "C17": "{'source': '', 'type': 'categorical', 'padding_idx': 0, 'oov_idx': 11, 'vocab_size': 12}",
    "C18": "{'source': '', 'type': 'categorical', 'padding_idx': 0, 'oov_idx': 5230, 'vocab_size': 5231}",
    "C19": "{'source': '', 'type': 'categorical', 'padding_idx': 0, 'oov_idx': 2144, 'vocab_size': 2145}",
    "C2": "{'source': '', 'type': 'categorical', 'padding_idx': 0, 'oov_idx': 563, 'vocab_size': 564}",
    "C20": "{'source': '', 'type': 'categorical', 'padding_idx': 0, 'oov_idx': 4, 'vocab_size': 5}",
    "C21": "{'source': '', 'type': 'categorical', 'padding_idx': 0, 'oov_idx': 1162912, 'vocab_size': 1162913}",
    "C22": "{'source': '', 'type': 'categorical', 'padding_idx': 0, 'oov_idx': 18, 'vocab_size': 19}",
    "C23": "{'source': '', 'type': 'categorical', 'padding_idx': 0, 'oov_idx': 16, 'vocab_size': 17}",
    "C24": "{'source': '', 'type': 'categorical', 'padding_idx': 0, 'oov_idx': 141672, 'vocab_size': 141673}",
    "C25": "{'source': '', 'type': 'categorical', 'padding_idx': 0, 'oov_idx': 101, 'vocab_size': 102}",
    "C26": "{'source': '', 'type': 'categorical', 'padding_idx': 0, 'oov_idx': 92085, 'vocab_size': 92086}",
    "C3": "{'source': '', 'type': 'categorical', 'padding_idx': 0, 'oov_idx': 1244768, 'vocab_size': 1244769}",
    "C4": "{'source': '', 'type': 'categorical', 'padding_idx': 0, 'oov_idx': 562022, 'vocab_size': 562023}",
    "C5": "{'source': '', 'type': 'categorical', 'padding_idx': 0, 'oov_idx': 306, 'vocab_size': 307}",
    "C6": "{'source': '', 'type': 'categorical', 'padding_idx': 0, 'oov_idx': 22, 'vocab_size': 23}",
    "C7": "{'source': '', 'type': 'categorical', 'padding_idx': 0, 'oov_idx': 12368, 'vocab_size': 12369}",
    "C8": "{'source': '', 'type': 'categorical', 'padding_idx': 0, 'oov_idx': 634, 'vocab_size': 635}",
    "C9": "{'source': '', 'type': 'categorical', 'padding_idx': 0, 'oov_idx': 4, 'vocab_size': 5}",
    "I1": "{'source': '', 'type': 'categorical', 'padding_idx': 0, 'oov_idx': 53, 'vocab_size': 54}",
    "I10": "{'source': '', 'type': 'categorical', 'padding_idx': 0, 'oov_idx': 6, 'vocab_size': 7}",
    "I11": "{'source': '', 'type': 'categorical', 'padding_idx': 0, 'oov_idx': 26, 'vocab_size': 27}",
    "I12": "{'source': '', 'type': 'categorical', 'padding_idx': 0, 'oov_idx': 47, 'vocab_size': 48}",
    "I13": "{'source': '', 'type': 'categorical', 'padding_idx': 0, 'oov_idx': 76, 'vocab_size': 77}",
    "I2": "{'source': '', 'type': 'categorical', 'padding_idx': 0, 'oov_idx': 104, 'vocab_size': 105}",
    "I3": "{'source': '', 'type': 'categorical', 'padding_idx': 0, 'oov_idx': 123, 'vocab_size': 124}",
    "I4": "{'source': '', 'type': 'categorical', 'padding_idx': 0, 'oov_idx': 45, 'vocab_size': 46}",
    "I5": "{'source': '', 'type': 'categorical', 'padding_idx': 0, 'oov_idx': 220, 'vocab_size': 221}",
    "I6": "{'source': '', 'type': 'categorical', 'padding_idx': 0, 'oov_idx': 133, 'vocab_size': 134}",
    "I7": "{'source': '', 'type': 'categorical', 'padding_idx': 0, 'oov_idx': 90, 'vocab_size': 91}",
    "I8": "{'source': '', 'type': 'categorical', 'padding_idx': 0, 'oov_idx': 76, 'vocab_size': 77}",
    "I9": "{'source': '', 'type': 'categorical', 'padding_idx': 0, 'oov_idx': 96, 'vocab_size': 97}"
}
2023-11-30 22:40:36,047 P336777 INFO Total number of parameters: 116781653.
2023-11-30 22:40:36,047 P336777 INFO Loading data...
2023-11-30 22:40:36,047 P336777 INFO Loading data from h5: ../../../data/Criteo_x4_h5/train.h5
2023-11-30 22:41:06,621 P336777 INFO Train samples: total/36672493, blocks/1
2023-11-30 22:41:06,621 P336777 INFO Loading data from h5: ../../../data/Criteo_x4_h5/valid.h5
2023-11-30 22:41:11,679 P336777 INFO Validation samples: total/4584062, blocks/1
2023-11-30 22:41:11,679 P336777 INFO Loading train and validation data done.
2023-11-30 22:41:11,679 P336777 INFO Start training: 3668 batches/epoch
2023-11-30 22:41:11,680 P336777 INFO ************ Epoch=1 start ************
2023-11-30 22:47:22,743 P336777 INFO Train loss: 0.520053
2023-11-30 22:47:22,743 P336777 INFO Evaluation @epoch 1 - batch 3668: 
2023-11-30 22:47:36,013 P336777 INFO ===
2023-11-30 22:47:36,013 P336777 INFO [Metrics] AUC: 0.804401 - logloss: 0.447445
2023-11-30 22:47:36,014 P336777 INFO Save best model: monitor(max)=0.356955
2023-11-30 22:47:36,847 P336777 INFO ************ Epoch=1 end ************
2023-11-30 22:53:47,801 P336777 INFO Train loss: 0.511747
2023-11-30 22:53:47,801 P336777 INFO Evaluation @epoch 2 - batch 3668: 
2023-11-30 22:54:01,626 P336777 INFO ===
2023-11-30 22:54:01,626 P336777 INFO [Metrics] AUC: 0.807081 - logloss: 0.444759
2023-11-30 22:54:01,629 P336777 INFO Save best model: monitor(max)=0.362322
2023-11-30 22:54:04,329 P336777 INFO ************ Epoch=2 end ************
2023-11-30 23:00:14,051 P336777 INFO Train loss: 0.509394
2023-11-30 23:00:14,051 P336777 INFO Evaluation @epoch 3 - batch 3668: 
2023-11-30 23:00:27,468 P336777 INFO ===
2023-11-30 23:00:27,468 P336777 INFO [Metrics] AUC: 0.808621 - logloss: 0.443248
2023-11-30 23:00:27,471 P336777 INFO Save best model: monitor(max)=0.365373
2023-11-30 23:00:30,154 P336777 INFO ************ Epoch=3 end ************
2023-11-30 23:06:42,277 P336777 INFO Train loss: 0.508087
2023-11-30 23:06:42,278 P336777 INFO Evaluation @epoch 4 - batch 3668: 
2023-11-30 23:06:55,244 P336777 INFO ===
2023-11-30 23:06:55,244 P336777 INFO [Metrics] AUC: 0.809360 - logloss: 0.442298
2023-11-30 23:06:55,247 P336777 INFO Save best model: monitor(max)=0.367062
2023-11-30 23:06:57,852 P336777 INFO ************ Epoch=4 end ************
2023-11-30 23:13:08,407 P336777 INFO Train loss: 0.507261
2023-11-30 23:13:08,408 P336777 INFO Evaluation @epoch 5 - batch 3668: 
2023-11-30 23:13:21,561 P336777 INFO ===
2023-11-30 23:13:21,561 P336777 INFO [Metrics] AUC: 0.809846 - logloss: 0.441977
2023-11-30 23:13:21,565 P336777 INFO Save best model: monitor(max)=0.367869
2023-11-30 23:13:24,235 P336777 INFO ************ Epoch=5 end ************
2023-11-30 23:19:32,908 P336777 INFO Train loss: 0.506728
2023-11-30 23:19:32,908 P336777 INFO Evaluation @epoch 6 - batch 3668: 
2023-11-30 23:19:45,671 P336777 INFO ===
2023-11-30 23:19:45,671 P336777 INFO [Metrics] AUC: 0.810283 - logloss: 0.441332
2023-11-30 23:19:45,674 P336777 INFO Save best model: monitor(max)=0.368951
2023-11-30 23:19:48,302 P336777 INFO ************ Epoch=6 end ************
2023-11-30 23:25:56,208 P336777 INFO Train loss: 0.506376
2023-11-30 23:25:56,208 P336777 INFO Evaluation @epoch 7 - batch 3668: 
2023-11-30 23:26:08,827 P336777 INFO ===
2023-11-30 23:26:08,827 P336777 INFO [Metrics] AUC: 0.810660 - logloss: 0.440971
2023-11-30 23:26:08,830 P336777 INFO Save best model: monitor(max)=0.369688
2023-11-30 23:26:11,490 P336777 INFO ************ Epoch=7 end ************
2023-11-30 23:32:22,312 P336777 INFO Train loss: 0.506114
2023-11-30 23:32:22,312 P336777 INFO Evaluation @epoch 8 - batch 3668: 
2023-11-30 23:32:35,815 P336777 INFO ===
2023-11-30 23:32:35,815 P336777 INFO [Metrics] AUC: 0.811119 - logloss: 0.440571
2023-11-30 23:32:35,818 P336777 INFO Save best model: monitor(max)=0.370548
2023-11-30 23:32:38,470 P336777 INFO ************ Epoch=8 end ************
2023-11-30 23:38:49,654 P336777 INFO Train loss: 0.505953
2023-11-30 23:38:49,654 P336777 INFO Evaluation @epoch 9 - batch 3668: 
2023-11-30 23:39:02,746 P336777 INFO ===
2023-11-30 23:39:02,746 P336777 INFO [Metrics] AUC: 0.811006 - logloss: 0.440832
2023-11-30 23:39:02,749 P336777 INFO Monitor(max)=0.370174 STOP!
2023-11-30 23:39:02,749 P336777 INFO Reduce learning rate on plateau: 0.000100
2023-11-30 23:39:02,837 P336777 INFO ************ Epoch=9 end ************
2023-11-30 23:45:13,324 P336777 INFO Train loss: 0.491453
2023-11-30 23:45:13,324 P336777 INFO Evaluation @epoch 10 - batch 3668: 
2023-11-30 23:45:26,447 P336777 INFO ===
2023-11-30 23:45:26,447 P336777 INFO [Metrics] AUC: 0.813854 - logloss: 0.438178
2023-11-30 23:45:26,450 P336777 INFO Save best model: monitor(max)=0.375676
2023-11-30 23:45:29,095 P336777 INFO ************ Epoch=10 end ************
2023-11-30 23:51:36,863 P336777 INFO Train loss: 0.485967
2023-11-30 23:51:36,864 P336777 INFO Evaluation @epoch 11 - batch 3668: 
2023-11-30 23:51:50,333 P336777 INFO ===
2023-11-30 23:51:50,333 P336777 INFO [Metrics] AUC: 0.813802 - logloss: 0.438290
2023-11-30 23:51:50,337 P336777 INFO Monitor(max)=0.375513 STOP!
2023-11-30 23:51:50,337 P336777 INFO Reduce learning rate on plateau: 0.000010
2023-11-30 23:51:50,437 P336777 INFO ************ Epoch=11 end ************
2023-11-30 23:58:02,838 P336777 INFO Train loss: 0.479242
2023-11-30 23:58:02,839 P336777 INFO Evaluation @epoch 12 - batch 3668: 
2023-11-30 23:58:15,999 P336777 INFO ===
2023-11-30 23:58:15,999 P336777 INFO [Metrics] AUC: 0.812700 - logloss: 0.440145
2023-11-30 23:58:16,002 P336777 INFO Monitor(max)=0.372556 STOP!
2023-11-30 23:58:16,002 P336777 INFO Reduce learning rate on plateau: 0.000001
2023-11-30 23:58:16,002 P336777 INFO ********* Epoch==12 early stop *********
2023-11-30 23:58:16,089 P336777 INFO Training finished.
2023-11-30 23:58:16,089 P336777 INFO Load best model: /mnt/public/lhw/code/FuxiCTR/model_zoo/DCN/DCN_torch/checkpoints/Criteo_x4_h5/IBNet_Criteo_020_e5a26881.model
2023-11-30 23:58:16,365 P336777 INFO ****** Validation evaluation ******
2023-11-30 23:58:29,798 P336777 INFO ===
2023-11-30 23:58:29,799 P336777 INFO [Metrics] logloss: 0.438178 - AUC: 0.813854
2023-11-30 23:58:29,871 P336777 INFO ******** Test evaluation ********
2023-11-30 23:58:29,871 P336777 INFO Loading data...
2023-11-30 23:58:29,871 P336777 INFO Loading data from h5: ../../../data/Criteo_x4_h5/test.h5
2023-11-30 23:58:33,392 P336777 INFO Test samples: total/4584062, blocks/1
2023-11-30 23:58:33,393 P336777 INFO Loading test data done.
2023-11-30 23:58:47,024 P336777 INFO ===
2023-11-30 23:58:47,025 P336777 INFO [Metrics] logloss: 0.437698 - AUC: 0.814409
