2023-12-11 16:56:16,580 P218305 INFO Params: {
    "batch_norm": "True",
    "batch_size": "10000",
    "cl_temp": "0.7",
    "cl_weight": "0.01",
    "data_format": "h5",
    "data_root": "../../../data/",
    "dataset_id": "Criteo_x4_h5",
    "debug_mode": "False",
    "dnn_activations": "pbmish_criteo",
    "dnn_hidden_units": "[1024, 1024, 1024]",
    "early_stop_patience": "2",
    "embedding_dim": "20",
    "embedding_regularizer": "1e-05",
    "epochs": "100",
    "eval_steps": "None",
    "feature_cols": "[{'active': True, 'dtype': 'float', 'fill_na': 0, 'name': ['I1', 'I2', 'I3', 'I4', 'I5', 'I6', 'I7', 'I8', 'I9', 'I10', 'I11', 'I12', 'I13'], 'preprocess': 'convert_to_bucket', 'type': 'categorical'}, {'active': True, 'dtype': 'str', 'fill_na': '', 'name': ['C1', 'C2', 'C3', 'C4', 'C5', 'C6', 'C7', 'C8', 'C9', 'C10', 'C11', 'C12', 'C13', 'C14', 'C15', 'C16', 'C17', 'C18', 'C19', 'C20', 'C21', 'C22', 'C23', 'C24', 'C25', 'C26'], 'type': 'categorical'}]",
    "feature_config": "None",
    "feature_specs": "None",
    "gate_temp": "0.3",
    "gpu": "3",
    "group_id": "None",
    "label_col": "{'dtype': 'float', 'name': 'Label'}",
    "learning_rate": "0.001",
    "loss": "binary_crossentropy",
    "metrics": "['logloss', 'AUC']",
    "min_categr_count": "2",
    "model": "IBNet",
    "model_id": "IBNet_Criteo_004_a2e9c874",
    "model_root": "./checkpoints/",
    "monitor": "{'AUC': 1, 'logloss': -1}",
    "monitor_mode": "max",
    "net_dropout": "0.2",
    "net_regularizer": "0",
    "num_cross_layers": "3",
    "num_workers": "3",
    "optimizer": "adam",
    "pickle_feature_encoder": "True",
    "save_best_only": "True",
    "seed": "2023",
    "shuffle": "True",
    "ssl_mode": "True",
    "task": "binary_classification",
    "test_data": "../../../data/Criteo_x4_h5/test.h5",
    "train_data": "../../../data/Criteo_x4_h5/train.h5",
    "use_features": "None",
    "valid_data": "../../../data/Criteo_x4_h5/valid.h5",
    "verbose": "1"
}
2023-12-11 16:56:16,580 P218305 INFO Load feature_map from json: ../../../data/Criteo_x4_h5/feature_map.json
2023-12-11 16:56:16,598 P218305 INFO Set column index...
2023-12-11 16:56:16,598 P218305 INFO Feature specs: {
    "C1": "{'source': '', 'type': 'categorical', 'padding_idx': 0, 'oov_idx': 1461, 'vocab_size': 1462}",
    "C10": "{'source': '', 'type': 'categorical', 'padding_idx': 0, 'oov_idx': 70514, 'vocab_size': 70515}",
    "C11": "{'source': '', 'type': 'categorical', 'padding_idx': 0, 'oov_idx': 5517, 'vocab_size': 5518}",
    "C12": "{'source': '', 'type': 'categorical', 'padding_idx': 0, 'oov_idx': 1224132, 'vocab_size': 1224133}",
    "C13": "{'source': '', 'type': 'categorical', 'padding_idx': 0, 'oov_idx': 3193, 'vocab_size': 3194}",
    "C14": "{'source': '', 'type': 'categorical', 'padding_idx': 0, 'oov_idx': 28, 'vocab_size': 29}",
    "C15": "{'source': '', 'type': 'categorical', 'padding_idx': 0, 'oov_idx': 13600, 'vocab_size': 13601}",
    "C16": "{'source': '', 'type': 'categorical', 'padding_idx': 0, 'oov_idx': 1004793, 'vocab_size': 1004794}",
    "C17": "{'source': '', 'type': 'categorical', 'padding_idx': 0, 'oov_idx': 11, 'vocab_size': 12}",
    "C18": "{'source': '', 'type': 'categorical', 'padding_idx': 0, 'oov_idx': 5230, 'vocab_size': 5231}",
    "C19": "{'source': '', 'type': 'categorical', 'padding_idx': 0, 'oov_idx': 2144, 'vocab_size': 2145}",
    "C2": "{'source': '', 'type': 'categorical', 'padding_idx': 0, 'oov_idx': 563, 'vocab_size': 564}",
    "C20": "{'source': '', 'type': 'categorical', 'padding_idx': 0, 'oov_idx': 4, 'vocab_size': 5}",
    "C21": "{'source': '', 'type': 'categorical', 'padding_idx': 0, 'oov_idx': 1162912, 'vocab_size': 1162913}",
    "C22": "{'source': '', 'type': 'categorical', 'padding_idx': 0, 'oov_idx': 18, 'vocab_size': 19}",
    "C23": "{'source': '', 'type': 'categorical', 'padding_idx': 0, 'oov_idx': 16, 'vocab_size': 17}",
    "C24": "{'source': '', 'type': 'categorical', 'padding_idx': 0, 'oov_idx': 141672, 'vocab_size': 141673}",
    "C25": "{'source': '', 'type': 'categorical', 'padding_idx': 0, 'oov_idx': 101, 'vocab_size': 102}",
    "C26": "{'source': '', 'type': 'categorical', 'padding_idx': 0, 'oov_idx': 92085, 'vocab_size': 92086}",
    "C3": "{'source': '', 'type': 'categorical', 'padding_idx': 0, 'oov_idx': 1244768, 'vocab_size': 1244769}",
    "C4": "{'source': '', 'type': 'categorical', 'padding_idx': 0, 'oov_idx': 562022, 'vocab_size': 562023}",
    "C5": "{'source': '', 'type': 'categorical', 'padding_idx': 0, 'oov_idx': 306, 'vocab_size': 307}",
    "C6": "{'source': '', 'type': 'categorical', 'padding_idx': 0, 'oov_idx': 22, 'vocab_size': 23}",
    "C7": "{'source': '', 'type': 'categorical', 'padding_idx': 0, 'oov_idx': 12368, 'vocab_size': 12369}",
    "C8": "{'source': '', 'type': 'categorical', 'padding_idx': 0, 'oov_idx': 634, 'vocab_size': 635}",
    "C9": "{'source': '', 'type': 'categorical', 'padding_idx': 0, 'oov_idx': 4, 'vocab_size': 5}",
    "I1": "{'source': '', 'type': 'categorical', 'padding_idx': 0, 'oov_idx': 53, 'vocab_size': 54}",
    "I10": "{'source': '', 'type': 'categorical', 'padding_idx': 0, 'oov_idx': 6, 'vocab_size': 7}",
    "I11": "{'source': '', 'type': 'categorical', 'padding_idx': 0, 'oov_idx': 26, 'vocab_size': 27}",
    "I12": "{'source': '', 'type': 'categorical', 'padding_idx': 0, 'oov_idx': 47, 'vocab_size': 48}",
    "I13": "{'source': '', 'type': 'categorical', 'padding_idx': 0, 'oov_idx': 76, 'vocab_size': 77}",
    "I2": "{'source': '', 'type': 'categorical', 'padding_idx': 0, 'oov_idx': 104, 'vocab_size': 105}",
    "I3": "{'source': '', 'type': 'categorical', 'padding_idx': 0, 'oov_idx': 123, 'vocab_size': 124}",
    "I4": "{'source': '', 'type': 'categorical', 'padding_idx': 0, 'oov_idx': 45, 'vocab_size': 46}",
    "I5": "{'source': '', 'type': 'categorical', 'padding_idx': 0, 'oov_idx': 220, 'vocab_size': 221}",
    "I6": "{'source': '', 'type': 'categorical', 'padding_idx': 0, 'oov_idx': 133, 'vocab_size': 134}",
    "I7": "{'source': '', 'type': 'categorical', 'padding_idx': 0, 'oov_idx': 90, 'vocab_size': 91}",
    "I8": "{'source': '', 'type': 'categorical', 'padding_idx': 0, 'oov_idx': 76, 'vocab_size': 77}",
    "I9": "{'source': '', 'type': 'categorical', 'padding_idx': 0, 'oov_idx': 96, 'vocab_size': 97}"
}
2023-12-11 16:56:19,881 P218305 INFO Total number of parameters: 115729517.
2023-12-11 16:56:19,881 P218305 INFO Loading data...
2023-12-11 16:56:19,881 P218305 INFO Loading data from h5: ../../../data/Criteo_x4_h5/train.h5
2023-12-11 16:58:02,366 P218305 INFO Train samples: total/36672493, blocks/1
2023-12-11 16:58:02,691 P218305 INFO Loading data from h5: ../../../data/Criteo_x4_h5/valid.h5
2023-12-11 16:58:19,301 P218305 INFO Validation samples: total/4584062, blocks/1
2023-12-11 16:58:19,302 P218305 INFO Loading train and validation data done.
2023-12-11 16:58:19,302 P218305 INFO Start training: 3668 batches/epoch
2023-12-11 16:58:19,302 P218305 INFO ************ Epoch=1 start ************
2023-12-11 17:07:34,254 P218305 INFO Train loss: 0.531833
2023-12-11 17:07:34,254 P218305 INFO Evaluation @epoch 1 - batch 3668: 
2023-12-11 17:07:49,304 P218305 INFO ===
2023-12-11 17:07:49,304 P218305 INFO [Metrics] AUC: 0.804279 - logloss: 0.447066
2023-12-11 17:07:49,305 P218305 INFO Save best model: monitor(max)=0.357212
2023-12-11 17:07:50,234 P218305 INFO ************ Epoch=1 end ************
2023-12-11 17:16:00,855 P218305 INFO Train loss: 0.523142
2023-12-11 17:16:01,159 P218305 INFO Evaluation @epoch 2 - batch 3668: 
2023-12-11 17:16:15,918 P218305 INFO ===
2023-12-11 17:16:15,919 P218305 INFO [Metrics] AUC: 0.806928 - logloss: 0.444485
2023-12-11 17:16:15,921 P218305 INFO Save best model: monitor(max)=0.362443
2023-12-11 17:16:18,740 P218305 INFO ************ Epoch=2 end ************
2023-12-11 17:25:30,313 P218305 INFO Train loss: 0.520867
2023-12-11 17:25:30,313 P218305 INFO Evaluation @epoch 3 - batch 3668: 
2023-12-11 17:25:44,976 P218305 INFO ===
2023-12-11 17:25:44,976 P218305 INFO [Metrics] AUC: 0.808430 - logloss: 0.443253
2023-12-11 17:25:44,979 P218305 INFO Save best model: monitor(max)=0.365177
2023-12-11 17:25:47,780 P218305 INFO ************ Epoch=3 end ************
2023-12-11 17:35:01,466 P218305 INFO Train loss: 0.519619
2023-12-11 17:35:01,467 P218305 INFO Evaluation @epoch 4 - batch 3668: 
2023-12-11 17:35:16,295 P218305 INFO ===
2023-12-11 17:35:16,295 P218305 INFO [Metrics] AUC: 0.809375 - logloss: 0.442180
2023-12-11 17:35:16,298 P218305 INFO Save best model: monitor(max)=0.367195
2023-12-11 17:35:19,129 P218305 INFO ************ Epoch=4 end ************
2023-12-11 17:44:33,353 P218305 INFO Train loss: 0.518762
2023-12-11 17:44:33,353 P218305 INFO Evaluation @epoch 5 - batch 3668: 
2023-12-11 17:44:48,238 P218305 INFO ===
2023-12-11 17:44:48,238 P218305 INFO [Metrics] AUC: 0.809870 - logloss: 0.441918
2023-12-11 17:44:48,241 P218305 INFO Save best model: monitor(max)=0.367952
2023-12-11 17:44:51,150 P218305 INFO ************ Epoch=5 end ************
2023-12-11 17:54:03,576 P218305 INFO Train loss: 0.518226
2023-12-11 17:54:03,577 P218305 INFO Evaluation @epoch 6 - batch 3668: 
2023-12-11 17:54:18,973 P218305 INFO ===
2023-12-11 17:54:18,974 P218305 INFO [Metrics] AUC: 0.810240 - logloss: 0.441424
2023-12-11 17:54:18,977 P218305 INFO Save best model: monitor(max)=0.368816
2023-12-11 17:54:21,813 P218305 INFO ************ Epoch=6 end ************
2023-12-11 18:03:34,507 P218305 INFO Train loss: 0.517891
2023-12-11 18:03:34,507 P218305 INFO Evaluation @epoch 7 - batch 3668: 
2023-12-11 18:03:49,273 P218305 INFO ===
2023-12-11 18:03:49,274 P218305 INFO [Metrics] AUC: 0.810510 - logloss: 0.441103
2023-12-11 18:03:49,277 P218305 INFO Save best model: monitor(max)=0.369408
2023-12-11 18:03:52,094 P218305 INFO ************ Epoch=7 end ************
2023-12-11 18:13:03,914 P218305 INFO Train loss: 0.517600
2023-12-11 18:13:03,914 P218305 INFO Evaluation @epoch 8 - batch 3668: 
2023-12-11 18:13:18,583 P218305 INFO ===
2023-12-11 18:13:18,583 P218305 INFO [Metrics] AUC: 0.810916 - logloss: 0.440762
2023-12-11 18:13:18,586 P218305 INFO Save best model: monitor(max)=0.370154
2023-12-11 18:13:21,376 P218305 INFO ************ Epoch=8 end ************
2023-12-11 18:22:34,558 P218305 INFO Train loss: 0.517438
2023-12-11 18:22:34,558 P218305 INFO Evaluation @epoch 9 - batch 3668: 
2023-12-11 18:22:49,408 P218305 INFO ===
2023-12-11 18:22:49,408 P218305 INFO [Metrics] AUC: 0.811014 - logloss: 0.440647
2023-12-11 18:22:49,411 P218305 INFO Save best model: monitor(max)=0.370367
2023-12-11 18:22:52,208 P218305 INFO ************ Epoch=9 end ************
2023-12-11 18:32:05,382 P218305 INFO Train loss: 0.517332
2023-12-11 18:32:05,382 P218305 INFO Evaluation @epoch 10 - batch 3668: 
2023-12-11 18:32:20,104 P218305 INFO ===
2023-12-11 18:32:20,104 P218305 INFO [Metrics] AUC: 0.811318 - logloss: 0.440556
2023-12-11 18:32:20,107 P218305 INFO Save best model: monitor(max)=0.370762
2023-12-11 18:32:22,896 P218305 INFO ************ Epoch=10 end ************
2023-12-11 18:41:34,969 P218305 INFO Train loss: 0.517227
2023-12-11 18:41:34,970 P218305 INFO Evaluation @epoch 11 - batch 3668: 
2023-12-11 18:41:49,925 P218305 INFO ===
2023-12-11 18:41:49,926 P218305 INFO [Metrics] AUC: 0.811524 - logloss: 0.440279
2023-12-11 18:41:49,929 P218305 INFO Save best model: monitor(max)=0.371245
2023-12-11 18:41:52,731 P218305 INFO ************ Epoch=11 end ************
2023-12-11 18:51:06,205 P218305 INFO Train loss: 0.517087
2023-12-11 18:51:06,224 P218305 INFO Evaluation @epoch 12 - batch 3668: 
2023-12-11 18:51:20,792 P218305 INFO ===
2023-12-11 18:51:20,792 P218305 INFO [Metrics] AUC: 0.811533 - logloss: 0.440343
2023-12-11 18:51:20,796 P218305 INFO Monitor(max)=0.371190 STOP!
2023-12-11 18:51:20,796 P218305 INFO Reduce learning rate on plateau: 0.000100
2023-12-11 18:51:20,984 P218305 INFO ************ Epoch=12 end ************
2023-12-11 19:00:35,259 P218305 INFO Train loss: 0.502305
2023-12-11 19:00:35,259 P218305 INFO Evaluation @epoch 13 - batch 3668: 
2023-12-11 19:00:49,547 P218305 INFO ===
2023-12-11 19:00:49,548 P218305 INFO [Metrics] AUC: 0.814224 - logloss: 0.437985
2023-12-11 19:00:49,552 P218305 INFO Save best model: monitor(max)=0.376239
2023-12-11 19:00:52,339 P218305 INFO ************ Epoch=13 end ************
2023-12-11 19:10:07,361 P218305 INFO Train loss: 0.496916
2023-12-11 19:10:07,361 P218305 INFO Evaluation @epoch 14 - batch 3668: 
2023-12-11 19:10:22,416 P218305 INFO ===
2023-12-11 19:10:22,416 P218305 INFO [Metrics] AUC: 0.814286 - logloss: 0.437866
2023-12-11 19:10:22,419 P218305 INFO Save best model: monitor(max)=0.376419
2023-12-11 19:10:25,343 P218305 INFO ************ Epoch=14 end ************
2023-12-11 19:19:33,108 P218305 INFO Train loss: 0.493682
2023-12-11 19:19:33,109 P218305 INFO Evaluation @epoch 15 - batch 3668: 
2023-12-11 19:19:48,882 P218305 INFO ===
2023-12-11 19:19:48,883 P218305 INFO [Metrics] AUC: 0.813735 - logloss: 0.438553
2023-12-11 19:19:48,886 P218305 INFO Monitor(max)=0.375182 STOP!
2023-12-11 19:19:48,886 P218305 INFO Reduce learning rate on plateau: 0.000010
2023-12-11 19:19:49,139 P218305 INFO ************ Epoch=15 end ************
2023-12-11 19:28:32,637 P218305 INFO Train loss: 0.486137
2023-12-11 19:28:32,637 P218305 INFO Evaluation @epoch 16 - batch 3668: 
2023-12-11 19:28:47,625 P218305 INFO ===
2023-12-11 19:28:47,625 P218305 INFO [Metrics] AUC: 0.812293 - logloss: 0.441361
2023-12-11 19:28:47,628 P218305 INFO Monitor(max)=0.370932 STOP!
2023-12-11 19:28:47,628 P218305 INFO Reduce learning rate on plateau: 0.000001
2023-12-11 19:28:47,628 P218305 INFO ********* Epoch==16 early stop *********
2023-12-11 19:28:47,882 P218305 INFO Training finished.
2023-12-11 19:28:47,882 P218305 INFO Load best model: /mnt/public/code/FuxiCTR/model_zoo/DCN/DCN_torch/checkpoints/Criteo_x4_h5/IBNet_Criteo_004_a2e9c874.model
2023-12-11 19:28:48,211 P218305 INFO ****** Validation evaluation ******
2023-12-11 19:29:03,834 P218305 INFO ===
2023-12-11 19:29:03,834 P218305 INFO [Metrics] logloss: 0.437866 - AUC: 0.814286
2023-12-11 19:29:04,129 P218305 INFO ******** Test evaluation ********
2023-12-11 19:29:04,130 P218305 INFO Loading data...
2023-12-11 19:29:04,130 P218305 INFO Loading data from h5: ../../../data/Criteo_x4_h5/test.h5
2023-12-11 19:29:08,725 P218305 INFO Test samples: total/4584062, blocks/1
2023-12-11 19:29:08,725 P218305 INFO Loading test data done.
2023-12-11 19:29:25,806 P218305 INFO ===
2023-12-11 19:29:25,806 P218305 INFO [Metrics] logloss: 0.437436 - AUC: 0.814739
