2023-11-29 22:23:34,520 P51530 INFO Params: {
    "batch_norm": "False",
    "batch_size": "10000",
    "cl_temp": "0.5",
    "cl_weight": "0.01",
    "data_format": "h5",
    "data_root": "../../../data/",
    "dataset_id": "Avazu_x4_h5",
    "debug_mode": "False",
    "dnn_activations": "pbmish_avazu",
    "dnn_hidden_units": "[512, 512, 512, 512, 512]",
    "early_stop_patience": "2",
    "embedding_dim": "20",
    "embedding_regularizer": "0",
    "epochs": "100",
    "eval_steps": "None",
    "feature_cols": "[{'active': False, 'dtype': 'str', 'name': 'id', 'type': 'categorical'}, {'active': True, 'dtype': 'str', 'name': 'hour', 'preprocess': 'convert_hour', 'type': 'categorical'}, {'active': True, 'dtype': 'str', 'name': ['C1', 'banner_pos', 'site_id', 'site_domain', 'site_category', 'app_id', 'app_domain', 'app_category', 'device_id', 'device_ip', 'device_model', 'device_type', 'device_conn_type', 'C14', 'C15', 'C16', 'C17', 'C18', 'C19', 'C20', 'C21'], 'type': 'categorical'}, {'active': True, 'dtype': 'str', 'name': 'weekday', 'preprocess': 'convert_weekday', 'type': 'categorical'}, {'active': True, 'dtype': 'str', 'name': 'weekend', 'preprocess': 'convert_weekend', 'type': 'categorical'}]",
    "feature_config": "None",
    "feature_specs": "None",
    "gate_temp": "0.1",
    "gpu": "0",
    "group_id": "None",
    "label_col": "{'dtype': 'float', 'name': 'click'}",
    "learning_rate": "0.001",
    "loss": "binary_crossentropy",
    "metrics": "['logloss', 'AUC']",
    "min_categr_count": "2",
    "model": "IBNet",
    "model_id": "IBNet_Avazu_025_586e794b",
    "model_root": "./checkpoints/",
    "monitor": "{'AUC': 1, 'logloss': -1}",
    "monitor_mode": "max",
    "net_dropout": "0",
    "net_regularizer": "0",
    "num_cross_layers": "1",
    "num_workers": "3",
    "optimizer": "adam",
    "pickle_feature_encoder": "True",
    "save_best_only": "True",
    "seed": "2023",
    "shuffle": "True",
    "ssl_mode": "True",
    "task": "binary_classification",
    "test_data": "../../../data/Avazu_x4_h5/test.h5",
    "train_data": "../../../data/Avazu_x4_h5/train.h5",
    "use_features": "None",
    "valid_data": "../../../data/Avazu_x4_h5/valid.h5",
    "verbose": "1"
}
2023-11-29 22:23:34,521 P51530 INFO Load feature_map from json: ../../../data/Avazu_x4_h5/feature_map.json
2023-11-29 22:23:34,521 P51530 INFO Set column index...
2023-11-29 22:23:34,521 P51530 INFO Feature specs: {
    "C1": "{'source': '', 'type': 'categorical', 'padding_idx': 0, 'oov_idx': 8, 'vocab_size': 9}",
    "C14": "{'source': '', 'type': 'categorical', 'padding_idx': 0, 'oov_idx': 2555, 'vocab_size': 2556}",
    "C15": "{'source': '', 'type': 'categorical', 'padding_idx': 0, 'oov_idx': 9, 'vocab_size': 10}",
    "C16": "{'source': '', 'type': 'categorical', 'padding_idx': 0, 'oov_idx': 10, 'vocab_size': 11}",
    "C17": "{'source': '', 'type': 'categorical', 'padding_idx': 0, 'oov_idx': 433, 'vocab_size': 434}",
    "C18": "{'source': '', 'type': 'categorical', 'padding_idx': 0, 'oov_idx': 5, 'vocab_size': 6}",
    "C19": "{'source': '', 'type': 'categorical', 'padding_idx': 0, 'oov_idx': 69, 'vocab_size': 70}",
    "C20": "{'source': '', 'type': 'categorical', 'padding_idx': 0, 'oov_idx': 172, 'vocab_size': 173}",
    "C21": "{'source': '', 'type': 'categorical', 'padding_idx': 0, 'oov_idx': 61, 'vocab_size': 62}",
    "app_category": "{'source': '', 'type': 'categorical', 'padding_idx': 0, 'oov_idx': 32, 'vocab_size': 33}",
    "app_domain": "{'source': '', 'type': 'categorical', 'padding_idx': 0, 'oov_idx': 399, 'vocab_size': 400}",
    "app_id": "{'source': '', 'type': 'categorical', 'padding_idx': 0, 'oov_idx': 6544, 'vocab_size': 6545}",
    "banner_pos": "{'source': '', 'type': 'categorical', 'padding_idx': 0, 'oov_idx': 8, 'vocab_size': 9}",
    "device_conn_type": "{'source': '', 'type': 'categorical', 'padding_idx': 0, 'oov_idx': 5, 'vocab_size': 6}",
    "device_id": "{'source': '', 'type': 'categorical', 'padding_idx': 0, 'oov_idx': 820508, 'vocab_size': 820509}",
    "device_ip": "{'source': '', 'type': 'categorical', 'padding_idx': 0, 'oov_idx': 2903321, 'vocab_size': 2903322}",
    "device_model": "{'source': '', 'type': 'categorical', 'padding_idx': 0, 'oov_idx': 7258, 'vocab_size': 7259}",
    "device_type": "{'source': '', 'type': 'categorical', 'padding_idx': 0, 'oov_idx': 6, 'vocab_size': 7}",
    "hour": "{'source': '', 'type': 'categorical', 'padding_idx': 0, 'oov_idx': 25, 'vocab_size': 26}",
    "site_category": "{'source': '', 'type': 'categorical', 'padding_idx': 0, 'oov_idx': 26, 'vocab_size': 27}",
    "site_domain": "{'source': '', 'type': 'categorical', 'padding_idx': 0, 'oov_idx': 5460, 'vocab_size': 5461}",
    "site_id": "{'source': '', 'type': 'categorical', 'padding_idx': 0, 'oov_idx': 4050, 'vocab_size': 4051}",
    "weekday": "{'source': '', 'type': 'categorical', 'padding_idx': 0, 'oov_idx': 8, 'vocab_size': 9}",
    "weekend": "{'source': '', 'type': 'categorical', 'padding_idx': 0, 'oov_idx': 3, 'vocab_size': 4}"
}
2023-11-29 22:23:37,392 P51530 INFO Total number of parameters: 77016109.
2023-11-29 22:23:37,392 P51530 INFO Loading data...
2023-11-29 22:23:37,392 P51530 INFO Loading data from h5: ../../../data/Avazu_x4_h5/train.h5
2023-11-29 22:23:55,255 P51530 INFO Train samples: total/32343172, blocks/1
2023-11-29 22:23:55,255 P51530 INFO Loading data from h5: ../../../data/Avazu_x4_h5/valid.h5
2023-11-29 22:23:57,337 P51530 INFO Validation samples: total/4042897, blocks/1
2023-11-29 22:23:57,337 P51530 INFO Loading train and validation data done.
2023-11-29 22:23:57,337 P51530 INFO Start training: 3235 batches/epoch
2023-11-29 22:23:57,337 P51530 INFO ************ Epoch=1 start ************
2023-11-29 22:26:39,483 P51530 INFO Train loss: 0.431565
2023-11-29 22:26:39,483 P51530 INFO Evaluation @epoch 1 - batch 3235: 
2023-11-29 22:26:50,356 P51530 INFO ===
2023-11-29 22:26:50,356 P51530 INFO [Metrics] AUC: 0.793918 - logloss: 0.371420
2023-11-29 22:26:50,358 P51530 INFO Save best model: monitor(max)=0.422498
2023-11-29 22:26:50,988 P51530 INFO ************ Epoch=1 end ************
2023-11-29 22:29:29,726 P51530 INFO Train loss: 0.380663
2023-11-29 22:29:29,726 P51530 INFO Evaluation @epoch 2 - batch 3235: 
2023-11-29 22:29:40,558 P51530 INFO ===
2023-11-29 22:29:40,558 P51530 INFO [Metrics] AUC: 0.788990 - logloss: 0.381929
2023-11-29 22:29:40,563 P51530 INFO Monitor(max)=0.407061 STOP!
2023-11-29 22:29:40,563 P51530 INFO Reduce learning rate on plateau: 0.000100
2023-11-29 22:29:40,633 P51530 INFO ************ Epoch=2 end ************
2023-11-29 22:32:19,017 P51530 INFO Train loss: 0.335393
2023-11-29 22:32:19,018 P51530 INFO Evaluation @epoch 3 - batch 3235: 
2023-11-29 22:32:30,388 P51530 INFO ===
2023-11-29 22:32:30,389 P51530 INFO [Metrics] AUC: 0.774861 - logloss: 0.439721
2023-11-29 22:32:30,393 P51530 INFO Monitor(max)=0.335141 STOP!
2023-11-29 22:32:30,393 P51530 INFO Reduce learning rate on plateau: 0.000010
2023-11-29 22:32:30,393 P51530 INFO ********* Epoch==3 early stop *********
2023-11-29 22:32:30,452 P51530 INFO Training finished.
2023-11-29 22:32:30,452 P51530 INFO Load best model: /mnt/public/lhw/code/FuxiCTR/model_zoo/DCN/DCN_torch/checkpoints/Avazu_x4_h5/IBNet_Avazu_025_586e794b.model
2023-11-29 22:32:30,663 P51530 INFO ****** Validation evaluation ******
2023-11-29 22:32:42,006 P51530 INFO ===
2023-11-29 22:32:42,007 P51530 INFO [Metrics] logloss: 0.371411 - AUC: 0.793931
2023-11-29 22:32:42,075 P51530 INFO ******** Test evaluation ********
2023-11-29 22:32:42,075 P51530 INFO Loading data...
2023-11-29 22:32:42,075 P51530 INFO Loading data from h5: ../../../data/Avazu_x4_h5/test.h5
2023-11-29 22:32:43,992 P51530 INFO Test samples: total/4042898, blocks/1
2023-11-29 22:32:43,992 P51530 INFO Loading test data done.
2023-11-29 22:32:54,833 P51530 INFO ===
2023-11-29 22:32:54,834 P51530 INFO [Metrics] logloss: 0.371285 - AUC: 0.794130
